
> web@1.0.0 build /Users/pedroapfilho/dev/acme-monorepo/apps/web
> next build

▲ Next.js 16.2.4 (Turbopack)
- Environments: .env.local

  Creating an optimized production build ...
✓ Compiled successfully in 3.5s
  Running TypeScript ...
  Finished TypeScript in 2.2s ...
  Collecting page data using 9 workers ...
  Generating static pages using 9 workers (0/7) ...
⚠ metadataBase property in metadata export is not set for resolving social open graph or twitter images, using "http://localhost:3000". See https://nextjs.org/docs/app/api-reference/functions/generate-metadata#metadatabase
  Generating static pages using 9 workers (1/7) 
  Generating static pages using 9 workers (3/7) 
  Generating static pages using 9 workers (5/7) 
✓ Generating static pages using 9 workers (7/7) in 422ms
  Finalizing page optimization ...

Route (app)
┌ ○ /_not-found
├ ƒ /api/auth/[...all]
├ ƒ /dashboard
├ ƒ /login
├ ○ /recover
├ ○ /register
└ ƒ /reset-password


ƒ Proxy (Middleware)

○  (Static)   prerendered as static content
ƒ  (Dynamic)  server-rendered on demand

