
> @repo/transactional@0.0.0 build /Users/pedroapfilho/dev/acme-monorepo/packages/transactional
> tsdown

[34mℹ[39m [34mtsdown v0.21.10[39m powered by [38;2;255;126;23mrolldown v1.0.0-rc.17[39m
[34mℹ[39m config file: [4m/Users/pedroapfilho/dev/acme-monorepo/packages/transactional/tsdown.config.ts[24m 
[34mℹ[39m entry: [34msrc/index.ts[39m
[34mℹ[39m tsconfig: [34mtsconfig.json[39m
[34mℹ[39m Build start
[34mℹ[39m Cleaning 2 files
[34mℹ[39m Hint: consider adding [34mdeps.onlyBundle[39m option to avoid unintended bundling of dependencies, or set [34mdeps.onlyBundle: false[39m to disable this hint.
See more at [4mhttps://tsdown.dev/options/dependencies#deps-onlybundle[24m
Detected dependencies in bundle:
- [34mtailwindcss[39m
- [34mreact-email[39m
- [34mprismjs[39m
- [34mmarked[39m
- [34mprettier[39m
- [34mdomelementtype[39m
- [34mdomhandler[39m
- [34mleac[39m
- [34mpeberminta[39m
- [34mparseley[39m
- [34mselderee[39m
- [34m@selderee/plugin-htmlparser2[39m
- [34mentities[39m
- [34mhtmlparser2[39m
- [34mdom-serializer[39m
- [34mdeepmerge[39m
- [34mhtml-to-text[39m
- [34m@react-email/render[39m
[34mℹ[39m [2mdist/[22m[1mindex.mjs[22m    [2m 2.38 MB[22m
[34mℹ[39m [2mdist/[22m[32m[1mindex.d.mts[22m[39m  [2m16.14 kB[22m [2m│ gzip: 2.96 kB[22m
[34mℹ[39m 2 files, total: 2.40 MB
[32m✔[39m Build complete in [32m889ms[39m
