
> @repo/ui@0.0.0 build /Users/pedroapfilho/dev/acme-monorepo/packages/ui
> mkdir -p dist && pnpm run build:styles && pnpm run build:components


> @repo/ui@0.0.0 build:styles /Users/pedroapfilho/dev/acme-monorepo/packages/ui
> tailwindcss -i ./src/styles/globals.css -o ./dist/index.css

≈ tailwindcss v4.2.2

Done in 36ms

> @repo/ui@0.0.0 build:components /Users/pedroapfilho/dev/acme-monorepo/packages/ui
> tsdown

[34mℹ[39m [34mtsdown v0.21.8[39m powered by [38;2;255;126;23mrolldown v1.0.0-rc.15[39m
[34mℹ[39m config file: [4m/Users/pedroapfilho/dev/acme-monorepo/packages/ui/tsdown.config.ts[24m 
[34mℹ[39m entry: [34msrc/index.ts[39m
[34mℹ[39m target: [34mes2020[39m
[34mℹ[39m tsconfig: [34mtsconfig.json[39m
[34mℹ[39m Build start
[34mℹ[39m [2mdist/[22m[1mindex.mjs[22m        [2m53.10 kB[22m [2m│ gzip: 10.45 kB[22m
[34mℹ[39m [2mdist/[22mindex.mjs.map    [2m85.85 kB[22m [2m│ gzip: 17.47 kB[22m
[34mℹ[39m [2mdist/[22mindex.d.mts.map  [2m10.77 kB[22m [2m│ gzip:  1.89 kB[22m
[34mℹ[39m [2mdist/[22m[32m[1mindex.d.mts[22m[39m      [2m17.99 kB[22m [2m│ gzip:  3.10 kB[22m
[34mℹ[39m 4 files, total: 167.71 kB
[32m✔[39m Build complete in [32m929ms[39m
